<?xml version="1.0" encoding="UTF-8"?>
<testsuite xmlns:xsi="http://www.w3.org/2001/XMLSchema-instance" xsi:noNamespaceSchemaLocation="https://maven.apache.org/surefire/maven-surefire-plugin/xsd/surefire-test-report.xsd" name="CS2020.assignment2.AppTest" time="0.061" tests="1" errors="0" skipped="0" failures="0">
  <properties>
    <property name="awt.toolkit" value="sun.awt.X11.XToolkit"/>
    <property name="java.specification.version" value="11"/>
    <property name="sun.cpu.isalist" value=""/>
    <property name="sun.jnu.encoding" value="UTF-8"/>
    <property name="java.class.path" value="/home/codio/workspace/CS2020assignment2/wiktoria.szitenhelm/target/test-classes:/home/codio/workspace/CS2020assignment2/wiktoria.szitenhelm/target/classes:/home/codio/.m2/repository/junit/junit/4.11/junit-4.11.jar:/home/codio/.m2/repository/org/hamcrest/hamcrest-core/1.3/hamcrest-core-1.3.jar:/home/codio/.m2/repository/org/xerial/sqlite-jdbc/3.15.1/sqlite-jdbc-3.15.1.jar:/home/codio/.m2/repository/com/opencsv/opencsv/5.4/opencsv-5.4.jar:/home/codio/.m2/repository/org/apache/commons/commons-lang3/3.11/commons-lang3-3.11.jar:/home/codio/.m2/repository/org/apache/commons/commons-text/1.9/commons-text-1.9.jar:/home/codio/.m2/repository/commons-beanutils/commons-beanutils/1.9.4/commons-beanutils-1.9.4.jar:/home/codio/.m2/repository/commons-logging/commons-logging/1.2/commons-logging-1.2.jar:/home/codio/.m2/repository/commons-collections/commons-collections/3.2.2/commons-collections-3.2.2.jar:/home/codio/.m2/repository/org/apache/commons/commons-collections4/4.4/commons-collections4-4.4.jar:"/>
    <property name="java.vm.vendor" value="Azul Systems, Inc."/>
    <property name="sun.arch.data.model" value="64"/>
    <property name="java.vendor.url" value="http://www.azulsystems.com/"/>
    <property name="user.timezone" value=""/>
    <property name="java.vm.specification.version" value="11"/>
    <property name="os.name" value="Linux"/>
    <property name="sun.java.launcher" value="SUN_STANDARD"/>
    <property name="user.country" value="US"/>
    <property name="sun.boot.library.path" value="/usr/lib/jvm/zulu-11-amd64/lib"/>
    <property name="sun.java.command" value="/home/codio/workspace/CS2020assignment2/wiktoria.szitenhelm/target/surefire/surefirebooter13329776778539612285.jar /home/codio/workspace/CS2020assignment2/wiktoria.szitenhelm/target/surefire 2021-12-08T21-22-34_985-jvmRun1 surefire12203313052107074335tmp surefire_09100813171116081423tmp"/>
    <property name="jdk.debug" value="release"/>
    <property name="surefire.test.class.path" value="/home/codio/workspace/CS2020assignment2/wiktoria.szitenhelm/target/test-classes:/home/codio/workspace/CS2020assignment2/wiktoria.szitenhelm/target/classes:/home/codio/.m2/repository/junit/junit/4.11/junit-4.11.jar:/home/codio/.m2/repository/org/hamcrest/hamcrest-core/1.3/hamcrest-core-1.3.jar:/home/codio/.m2/repository/org/xerial/sqlite-jdbc/3.15.1/sqlite-jdbc-3.15.1.jar:/home/codio/.m2/repository/com/opencsv/opencsv/5.4/opencsv-5.4.jar:/home/codio/.m2/repository/org/apache/commons/commons-lang3/3.11/commons-lang3-3.11.jar:/home/codio/.m2/repository/org/apache/commons/commons-text/1.9/commons-text-1.9.jar:/home/codio/.m2/repository/commons-beanutils/commons-beanutils/1.9.4/commons-beanutils-1.9.4.jar:/home/codio/.m2/repository/commons-logging/commons-logging/1.2/commons-logging-1.2.jar:/home/codio/.m2/repository/commons-collections/commons-collections/3.2.2/commons-collections-3.2.2.jar:/home/codio/.m2/repository/org/apache/commons/commons-collections4/4.4/commons-collections4-4.4.jar:"/>
    <property name="sun.cpu.endian" value="little"/>
    <property name="user.home" value="/home/codio"/>
    <property name="user.language" value="en"/>
    <property name="java.specification.vendor" value="Oracle Corporation"/>
    <property name="java.version.date" value="2020-07-14"/>
    <property name="java.home" value="/usr/lib/jvm/zulu-11-amd64"/>
    <property name="file.separator" value="/"/>
    <property name="basedir" value="/home/codio/workspace/CS2020assignment2/wiktoria.szitenhelm"/>
    <property name="java.vm.compressedOopsMode" value="32-bit"/>
    <property name="line.separator" value="&#10;"/>
    <property name="java.specification.name" value="Java Platform API Specification"/>
    <property name="java.vm.specification.vendor" value="Oracle Corporation"/>
    <property name="jdk.vendor.version" value="Zulu11.41+23-CA"/>
    <property name="java.awt.graphicsenv" value="sun.awt.X11GraphicsEnvironment"/>
    <property name="surefire.real.class.path" value="/home/codio/workspace/CS2020assignment2/wiktoria.szitenhelm/target/surefire/surefirebooter13329776778539612285.jar"/>
    <property name="sun.management.compiler" value="HotSpot 64-Bit Tiered Compilers"/>
    <property name="java.runtime.version" value="11.0.8+10-LTS"/>
    <property name="user.name" value="codio"/>
    <property name="path.separator" value=":"/>
    <property name="os.version" value="5.4.0-1035-aws"/>
    <property name="java.runtime.name" value="OpenJDK Runtime Environment"/>
    <property name="file.encoding" value="UTF-8"/>
    <property name="java.vm.name" value="OpenJDK 64-Bit Server VM"/>
    <property name="java.vendor.version" value="Zulu11.41+23-CA"/>
    <property name="localRepository" value="/home/codio/.m2/repository"/>
    <property name="java.vendor.url.bug" value="http://www.azulsystems.com/support/"/>
    <property name="java.io.tmpdir" value="/tmp"/>
    <property name="java.version" value="11.0.8"/>
    <property name="user.dir" value="/home/codio/workspace/CS2020assignment2/wiktoria.szitenhelm"/>
    <property name="os.arch" value="amd64"/>
    <property name="java.vm.specification.name" value="Java Virtual Machine Specification"/>
    <property name="java.awt.printerjob" value="sun.print.PSPrinterJob"/>
    <property name="sun.os.patch.level" value="unknown"/>
    <property name="java.library.path" value="/usr/java/packages/lib:/usr/lib64:/lib64:/lib:/usr/lib"/>
    <property name="java.vm.info" value="mixed mode"/>
    <property name="java.vendor" value="Azul Systems, Inc."/>
    <property name="java.vm.version" value="11.0.8+10-LTS"/>
    <property name="sun.io.unicode.encoding" value="UnicodeLittle"/>
    <property name="java.class.version" value="55.0"/>
  </properties>
  <testcase name="shouldAnswerWithTrue" classname="CS2020.assignment2.AppTest" time="0.034"/>
</testsuite>